<?xml version="1.0" encoding="UTF-8"?>
<!-- Generated by org.testng.reporters.JUnitReportReporter -->
<testsuite hostname="LAPTOP-8CTV02M1" failures="0" tests="1" name="API_Validation.ValidateResponse" time="1.539" errors="0" timestamp="2023-04-16T19:19:03 IST" skipped="0">
  <testcase classname="API_Validation.ValidateResponse" name="validatetest" time="1.539"/>
  <system-out/>
</testsuite> <!-- API_Validation.ValidateResponse -->
