<?xml version="1.0" encoding="UTF-8"?>
<!-- Generated by org.testng.reporters.JUnitReportReporter -->
<testsuite hostname="LAPTOP-8CTV02M1" failures="0" tests="1" name="serializationAndDeserialization.serailizingforwmployee_Object" time="0.189" errors="0" timestamp="2023-04-16T18:51:35 IST" skipped="0">
  <testcase classname="serializationAndDeserialization.serailizingforwmployee_Object" name="test" time="0.189"/>
  <system-out/>
</testsuite> <!-- serializationAndDeserialization.serailizingforwmployee_Object -->
