<?xml version="1.0" encoding="UTF-8"?>
<!-- Generated by org.testng.reporters.JUnitReportReporter -->
<testsuite hostname="LAPTOP-8CTV02M1" failures="0" tests="1" name="API_Validation.ValidateDyanmicResponse" time="1.663" errors="0" timestamp="2023-04-18T13:15:07 IST" skipped="0">
  <testcase classname="API_Validation.ValidateDyanmicResponse" name="dyanmicrespo" time="1.663"/>
  <system-out/>
</testsuite> <!-- API_Validation.ValidateDyanmicResponse -->
