<?xml version="1.0" encoding="UTF-8"?>
<!-- Generated by org.testng.reporters.JUnitReportReporter -->
<testsuite hostname="LAPTOP-8CTV02M1" failures="0" tests="2" name="API_PostProjectUsingDataProvider.PostProjectUsingDataProvider" time="1.603" errors="0" timestamp="2023-04-16T19:31:46 IST" skipped="0">
  <testcase classname="API_PostProjectUsingDataProvider.PostProjectUsingDataProvider" name="dataprovidertest" time="1.579"/>
  <system-out/>
  <testcase classname="API_PostProjectUsingDataProvider.PostProjectUsingDataProvider" name="dataprovidertest" time="0.024"/>
  <system-out/>
</testsuite> <!-- API_PostProjectUsingDataProvider.PostProjectUsingDataProvider -->
