<?xml version="1.0" encoding="UTF-8"?>
<!-- Generated by org.testng.reporters.JUnitReportReporter -->
<testsuite hostname="LAPTOP-8CTV02M1" failures="0" tests="1" name="API_RequestChaining_RestAssured.Post_GetProject_RestAssured" time="2.085" errors="0" timestamp="2023-04-16T19:32:23 IST" skipped="0">
  <testcase classname="API_RequestChaining_RestAssured.Post_GetProject_RestAssured" name="test" time="2.085"/>
  <system-out/>
</testsuite> <!-- API_RequestChaining_RestAssured.Post_GetProject_RestAssured -->
