<?xml version="1.0" encoding="UTF-8"?>
<!-- Generated by org.testng.reporters.JUnitReportReporter -->
<testsuite hostname="LAPTOP-8CTV02M1" failures="0" tests="1" name="AuthnticationThroghRestAssured.Thecoopoauth2" time="2.602" errors="0" timestamp="2023-04-16T18:39:24 IST" skipped="0">
  <testcase classname="AuthnticationThroghRestAssured.Thecoopoauth2" name="test" time="2.602"/>
  <system-out/>
</testsuite> <!-- AuthnticationThroghRestAssured.Thecoopoauth2 -->
